[2025-03-23T10:10:53.673936] Invalid option '--daemon-address=192.168.1.5:10100'
[2025-03-23T10:10:53.673936] Usage
[2025-03-23T10:10:53.673936] deroluna-miner -d <daemon-address:port> -w <wallet_address> [-t <threads>]
[2025-03-23T10:15:28.488092] Invalid option '-d=192.168.1.5:10100'
[2025-03-23T10:15:28.488092] Usage
[2025-03-23T10:15:28.488092] deroluna-miner -d <daemon-address:port> -w <wallet_address> [-t <threads>]
[2025-03-23T10:44:49.260860] Invalid option '--daemon-address=192.168.1.5:10100'
[2025-03-23T10:44:49.260860] Usage
[2025-03-23T10:44:49.261385] deroluna-miner -d <daemon-address:port> -w <wallet_address> [-t <threads>]
[2025-03-23T10:46:12.146069] Invalid option '-d=192.168.1.5:10100'
[2025-03-23T10:46:12.146069] Usage
[2025-03-23T10:46:12.146069] deroluna-miner -d <daemon-address:port> -w <wallet_address> [-t <threads>]
[2025-03-23T10:47:18.694550] Invalid option '--daemon-address 192.168.1.5:10100'
[2025-03-23T10:47:18.694550] Usage
[2025-03-23T10:47:18.694550] deroluna-miner -d <daemon-address:port> -w <wallet_address> [-t <threads>]
[2025-03-23T10:48:02.827826] Invalid option '-d 192.168.1.5:10100'
[2025-03-23T10:48:02.828826] Usage
[2025-03-23T10:48:02.828826] deroluna-miner -d <daemon-address:port> -w <wallet_address> [-t <threads>]
[2025-03-23T11:10:42.938972] Invalid option '-d 192.168.1.5:10100'
[2025-03-23T11:10:42.939972] Usage
[2025-03-23T11:10:42.940972] deroluna-miner -d <daemon-address:port> -w <wallet_address> [-t <threads>]
[2025-03-23T11:11:29.775321] 23/03 11:11:29.674  INFO  Version: DeroLuna Miner 1.14
[2025-03-23T11:11:29.776322] 23/03 11:11:29.674  INFO  Server:  http://192.168.1.5:10100
[2025-03-23T11:11:29.777322] 23/03 11:11:29.674  INFO  Wallet:  dero1qy0qg0u9kwhuynk0rp024sg777aclr9vpzcvdj9q7fjjc4utae9ngqgu5wjwk
[2025-03-23T11:11:29.778322] 23/03 11:11:29.674  INFO  Threads: 24
[2025-03-23T11:11:29.778322] 23/03 11:11:29.674  INFO  Dev fee: 10%
[2025-03-23T11:11:29.880600] 23/03 11:11:29.674  INFO  Connecting (http://192.168.1.5:10100)
[2025-03-23T11:11:29.882679] 23/03 11:11:29.803  INFO  Connected (http://192.168.1.5:10100) (0 ms)
[2025-03-23T11:11:30.680421] 23/03 11:11:30.680  INFO  Connecting (dev)
[2025-03-23T11:11:30.940420] 23/03 11:11:30.940  INFO  Connected (dev eu1) (53 ms)
[2025-03-23T11:11:32.949805] 000:00:01 Height:5151895 IB:0 MB:0 MBR:0 Diff:610485165 @ 8.237 KH/s (8.237 KH/s) >>
[2025-03-23T11:11:33.949967] 000:00:02 Height:5151895 IB:0 MB:0 MBR:0 Diff:610485165 @ 8.300 KH/s (8.300 KH/s) >>
[2025-03-23T11:11:34.949323] 000:00:03 Height:5151895 IB:0 MB:0 MBR:0 Diff:610485165 @ 10.11 KH/s (10.11 KH/s) >>
[2025-03-23T11:11:35.949212] 000:00:04 Height:5151895 IB:0 MB:0 MBR:0 Diff:610485165 @ 14.22 KH/s (14.22 KH/s) >>
[2025-03-23T11:11:36.949134] 000:00:05 Height:5151895 IB:0 MB:0 MBR:0 Diff:610485165 @ 16.86 KH/s (16.86 KH/s) >>
[2025-03-23T11:11:37.949566] 000:00:06 Height:5151895 IB:0 MB:0 MBR:0 Diff:610485165 @ 18.27 KH/s (18.27 KH/s) >>
[2025-03-23T11:11:38.949588] 000:00:07 Height:5151895 IB:0 MB:0 MBR:0 Diff:610485165 @ 19.46 KH/s (19.46 KH/s) >>
[2025-03-23T11:11:39.949759] 000:00:08 Height:5151895 IB:0 MB:0 MBR:0 Diff:610485165 @ 20.48 KH/s (20.48 KH/s) >>
[2025-03-23T11:11:40.949133] 000:00:09 Height:5151895 IB:0 MB:0 MBR:0 Diff:610485165 @ 21.13 KH/s (21.13 KH/s) >>
[2025-03-23T11:11:41.949502] 000:00:10 Height:5151896 IB:0 MB:0 MBR:0 Diff:68693147 @ 21.75 KH/s (21.75 KH/s) >>
[2025-03-23T11:11:42.949175] 000:00:11 Height:5151896 IB:0 MB:0 MBR:0 Diff:68693147 @ 23.81 KH/s (22.40 KH/s) >>
[2025-03-23T11:11:43.949261] 000:00:12 Height:5151896 IB:0 MB:0 MBR:0 Diff:68693147 @ 25.90 KH/s (22.97 KH/s) >>
[2025-03-23T11:11:44.949429] 000:00:13 Height:5151896 IB:0 MB:0 MBR:0 Diff:68693147 @ 27.46 KH/s (23.46 KH/s) >>
[2025-03-23T11:11:45.949595] 000:00:14 Height:5151896 IB:0 MB:0 MBR:0 Diff:618238323 @ 27.66 KH/s (23.82 KH/s) >>
[2025-03-23T11:11:46.949669] 000:00:15 Height:5151896 IB:0 MB:0 MBR:0 Diff:618238323 @ 27.54 KH/s (23.98 KH/s) >>
[2025-03-23T11:11:47.949277] 000:00:16 Height:5151896 IB:0 MB:0 MBR:0 Diff:618238323 @ 27.77 KH/s (24.21 KH/s) >>
[2025-03-23T11:11:48.949906] 000:00:17 Height:5151896 IB:0 MB:0 MBR:0 Diff:618238323 @ 27.88 KH/s (24.41 KH/s) >>
[2025-03-23T11:11:49.949226] 000:00:18 Height:5151896 IB:0 MB:0 MBR:0 Diff:618238323 @ 27.82 KH/s (24.56 KH/s) >>
[2025-03-23T11:11:50.949304] 000:00:19 Height:5151896 IB:0 MB:0 MBR:0 Diff:618238323 @ 27.96 KH/s (24.73 KH/s) >>
[2025-03-23T11:11:51.949434] 000:00:20 Height:5151896 IB:0 MB:0 MBR:0 Diff:618238323 @ 28.05 KH/s (24.90 KH/s) >>
[2025-03-23T11:11:52.950004] 000:00:21 Height:5151896 IB:0 MB:0 MBR:0 Diff:618238323 @ 27.87 KH/s (25.00 KH/s) >>
[2025-03-23T11:11:53.949597] 000:00:22 Height:5151896 IB:0 MB:0 MBR:0 Diff:618238323 @ 27.61 KH/s (25.08 KH/s) >>
[2025-03-23T11:11:54.949773] 000:00:23 Height:5151896 IB:0 MB:0 MBR:0 Diff:618238323 @ 27.41 KH/s (25.18 KH/s) >>
[2025-03-23T11:11:55.950033] 000:00:24 Height:5151896 IB:0 MB:0 MBR:0 Diff:618238323 @ 27.30 KH/s (25.27 KH/s) >>
[2025-03-23T11:11:56.949985] 000:00:25 Height:5151896 IB:0 MB:0 MBR:0 Diff:618238323 @ 27.44 KH/s (25.36 KH/s) >>
[2025-03-23T11:11:57.949654] 000:00:26 Height:5151896 IB:0 MB:0 MBR:0 Diff:618238323 @ 27.38 KH/s (25.43 KH/s) >>
[2025-03-23T11:11:58.949466] 000:00:27 Height:5151896 IB:0 MB:0 MBR:0 Diff:618238323 @ 27.25 KH/s (25.47 KH/s) >>
[2025-03-23T11:11:59.950081] 000:00:28 Height:5151897 IB:0 MB:0 MBR:0 Diff:68418374 @ 27.25 KH/s (25.52 KH/s) >>
[2025-03-23T11:12:00.949606] 000:00:29 Height:5151897 IB:0 MB:0 MBR:0 Diff:68418374 @ 27.33 KH/s (25.62 KH/s) >>
[2025-03-23T11:12:01.949927] 000:00:30 Height:5151897 IB:0 MB:0 MBR:0 Diff:68418374 @ 27.33 KH/s (25.71 KH/s) >>
[2025-03-23T11:12:02.949347] 000:00:31 Height:5151897 IB:0 MB:0 MBR:0 Diff:68418374 @ 27.52 KH/s (25.81 KH/s) >>
[2025-03-23T11:12:03.949324] 000:00:32 Height:5151897 IB:0 MB:0 MBR:0 Diff:68418374 @ 27.73 KH/s (25.91 KH/s) >>
[2025-03-23T11:12:04.949894] 000:00:33 Height:5151897 IB:0 MB:0 MBR:0 Diff:68418374 @ 27.75 KH/s (25.96 KH/s) >>
[2025-03-23T11:12:05.949214] 000:00:34 Height:5151897 IB:0 MB:0 MBR:0 Diff:615765366 @ 27.75 KH/s (26.00 KH/s) >>
[2025-03-23T11:12:06.949737] 000:00:35 Height:5151897 IB:0 MB:0 MBR:0 Diff:615765366 @ 27.75 KH/s (26.05 KH/s) >>
[2025-03-23T11:12:07.949437] 000:00:36 Height:5151897 IB:0 MB:0 MBR:0 Diff:615765366 @ 27.73 KH/s (26.07 KH/s) >>
[2025-03-23T11:12:08.950000] 000:00:37 Height:5151897 IB:0 MB:0 MBR:0 Diff:615765366 @ 27.57 KH/s (26.03 KH/s) >>
[2025-03-23T11:12:09.949880] 000:00:38 Height:5151897 IB:0 MB:0 MBR:0 Diff:615765366 @ 27.38 KH/s (26.01 KH/s) >>
[2025-03-23T11:12:10.950002] 000:00:39 Height:5151897 IB:0 MB:0 MBR:0 Diff:615765366 @ 27.17 KH/s (26.02 KH/s) >>
[2025-03-23T11:12:11.949769] 000:00:40 Height:5151897 IB:0 MB:0 MBR:0 Diff:615765366 @ 27.16 KH/s (26.07 KH/s) >>
[2025-03-23T11:12:12.949819] 000:00:41 Height:5151898 IB:0 MB:0 MBR:0 Diff:71114057 @ 27.16 KH/s (26.14 KH/s) >>
[2025-03-23T11:12:13.949808] 000:00:42 Height:5151898 IB:0 MB:0 MBR:0 Diff:71114057 @ 27.19 KH/s (26.21 KH/s) >>
[2025-03-23T11:12:14.949269] 000:00:43 Height:5151898 IB:0 MB:0 MBR:0 Diff:71114057 @ 27.37 KH/s (26.28 KH/s) >>
[2025-03-23T11:12:15.949672] 000:00:44 Height:5151898 IB:0 MB:0 MBR:0 Diff:71114057 @ 27.51 KH/s (26.34 KH/s) >>
[2025-03-23T11:12:16.949261] 000:00:45 Height:5151898 IB:0 MB:0 MBR:0 Diff:640026513 @ 27.66 KH/s (26.41 KH/s) >>
[2025-03-23T11:12:17.949839] 000:00:46 Height:5151898 IB:0 MB:0 MBR:0 Diff:640026513 @ 27.90 KH/s (26.47 KH/s) >>
[2025-03-23T11:12:18.949744] 000:00:47 Height:5151898 IB:0 MB:0 MBR:0 Diff:640026513 @ 28.02 KH/s (26.46 KH/s) >>
[2025-03-23T11:12:19.949844] 000:00:48 Height:5151898 IB:0 MB:0 MBR:0 Diff:640026513 @ 28.16 KH/s (26.46 KH/s) >>
[2025-03-23T11:12:20.949674] 000:00:49 Height:5151898 IB:0 MB:0 MBR:0 Diff:640026513 @ 28.29 KH/s (26.48 KH/s) >>
[2025-03-23T11:12:21.949312] 000:00:50 Height:5151898 IB:0 MB:0 MBR:0 Diff:640026513 @ 28.34 KH/s (26.53 KH/s) >>
[2025-03-23T11:12:22.949501] 000:00:51 Height:5151898 IB:0 MB:0 MBR:0 Diff:640026513 @ 28.30 KH/s (26.57 KH/s) >>
[2025-03-23T11:12:23.949748] 000:00:52 Height:5151898 IB:0 MB:0 MBR:0 Diff:640026513 @ 28.17 KH/s (26.59 KH/s) >>
[2025-03-23T11:12:24.949747] 000:00:53 Height:5151898 IB:0 MB:0 MBR:0 Diff:640026513 @ 28.00 KH/s (26.61 KH/s) >>
[2025-03-23T11:12:25.949163] 000:00:54 Height:5151899 IB:0 MB:0 MBR:0 Diff:73695497 @ 27.89 KH/s (26.63 KH/s) >>
[2025-03-23T11:12:26.949739] 000:00:55 Height:5151899 IB:0 MB:0 MBR:0 Diff:73695497 @ 27.86 KH/s (26.67 KH/s) >>
[2025-03-23T11:12:27.949267] 000:00:56 Height:5151899 IB:0 MB:0 MBR:0 Diff:73695497 @ 27.81 KH/s (26.71 KH/s) >>
[2025-03-23T11:12:28.949115] 000:00:57 Height:5151899 IB:0 MB:0 MBR:0 Diff:73695497 @ 28.10 KH/s (26.75 KH/s) >>
[2025-03-23T11:12:29.949530] 000:00:58 Height:5151899 IB:0 MB:0 MBR:0 Diff:73695497 @ 28.32 KH/s (26.78 KH/s) >>
[2025-03-23T11:12:30.949508] 000:00:59 Height:5151899 IB:0 MB:0 MBR:0 Diff:73695497 @ 28.36 KH/s (26.80 KH/s) >>
[2025-03-23T11:12:31.949517] 000:01:00 Height:5151899 IB:0 MB:0 MBR:0 Diff:73695497 @ 28.31 KH/s (26.82 KH/s) >>
[2025-03-23T11:12:32.949483] 000:01:01 Height:5151899 IB:0 MB:0 MBR:0 Diff:73695497 @ 28.33 KH/s (26.85 KH/s) >>
[2025-03-23T11:12:33.949325] 000:01:02 Height:5151899 IB:0 MB:0 MBR:0 Diff:73695497 @ 28.44 KH/s (26.89 KH/s) >>
[2025-03-23T11:12:34.949818] 000:01:03 Height:5151899 IB:0 MB:0 MBR:0 Diff:73695497 @ 28.44 KH/s (26.90 KH/s) >>
[2025-03-23T11:12:35.949807] 000:01:04 Height:5151899 IB:0 MB:0 MBR:0 Diff:73695497 @ 28.42 KH/s (26.91 KH/s) >>
[2025-03-23T11:12:36.949995] 000:01:05 Height:5151899 IB:0 MB:0 MBR:0 Diff:663259473 @ 28.26 KH/s (26.91 KH/s) >>
[2025-03-23T11:12:37.949521] 000:01:06 Height:5151899 IB:0 MB:0 MBR:0 Diff:663259473 @ 28.15 KH/s (26.93 KH/s) >>
[2025-03-23T11:12:38.949115] 000:01:07 Height:5151899 IB:0 MB:0 MBR:0 Diff:663259473 @ 27.86 KH/s (26.91 KH/s) >>
[2025-03-23T11:12:39.949296] 000:01:08 Height:5151899 IB:0 MB:0 MBR:0 Diff:663259473 @ 27.56 KH/s (26.90 KH/s) >>
[2025-03-23T11:12:40.949624] 000:01:09 Height:5151899 IB:0 MB:0 MBR:0 Diff:663259473 @ 27.58 KH/s (26.91 KH/s) >>
[2025-03-23T11:12:41.949279] 000:01:10 Height:5151899 IB:0 MB:0 MBR:0 Diff:663259473 @ 27.49 KH/s (26.92 KH/s) >>
[2025-03-23T11:12:42.949337] 000:01:11 Height:5151899 IB:0 MB:0 MBR:0 Diff:663259473 @ 27.42 KH/s (26.94 KH/s) >>
[2025-03-23T11:12:43.949807] 000:01:12 Height:5151899 IB:0 MB:0 MBR:0 Diff:663259473 @ 27.26 KH/s (26.94 KH/s) >>
[2025-03-23T11:12:44.949438] 000:01:13 Height:5151899 IB:0 MB:0 MBR:0 Diff:663259473 @ 27.08 KH/s (26.92 KH/s) >>
[2025-03-23T11:12:45.949656] 000:01:14 Height:5151899 IB:0 MB:0 MBR:0 Diff:663259473 @ 27.07 KH/s (26.93 KH/s) >>
[2025-03-23T11:12:46.950071] 000:01:15 Height:5151899 IB:0 MB:0 MBR:0 Diff:663259473 @ 27.06 KH/s (26.93 KH/s) >>
[2025-03-23T11:12:47.949656] 000:01:16 Height:5151899 IB:0 MB:0 MBR:0 Diff:663259473 @ 27.05 KH/s (26.94 KH/s) >>
[2025-03-23T11:12:48.950017] 000:01:17 Height:5151899 IB:0 MB:0 MBR:0 Diff:663259473 @ 27.26 KH/s (26.96 KH/s) >>
[2025-03-23T11:12:49.949193] 000:01:18 Height:5151899 IB:0 MB:0 MBR:0 Diff:663259473 @ 27.42 KH/s (26.96 KH/s) >>
[2025-03-23T11:12:50.949703] 000:01:19 Height:5151899 IB:0 MB:0 MBR:0 Diff:663259473 @ 27.29 KH/s (26.96 KH/s) >>
[2025-03-23T11:12:51.949603] 000:01:20 Height:5151900 IB:0 MB:0 MBR:0 Diff:69561179 @ 27.46 KH/s (26.99 KH/s) >>
[2025-03-23T11:12:52.949354] 000:01:21 Height:5151900 IB:0 MB:0 MBR:0 Diff:69561179 @ 27.46 KH/s (27.00 KH/s) >>
[2025-03-23T11:12:53.949269] 000:01:22 Height:5151900 IB:0 MB:0 MBR:0 Diff:69561179 @ 27.63 KH/s (27.02 KH/s) >>
[2025-03-23T11:12:54.949271] 000:01:23 Height:5151900 IB:0 MB:0 MBR:0 Diff:69561179 @ 27.90 KH/s (27.04 KH/s) >>
[2025-03-23T11:12:55.949332] 000:01:24 Height:5151900 IB:0 MB:0 MBR:0 Diff:69561179 @ 28.04 KH/s (27.06 KH/s) >>
[2025-03-23T11:12:56.949689] 000:01:25 Height:5151900 IB:0 MB:0 MBR:0 Diff:69561179 @ 28.14 KH/s (27.08 KH/s) >>
[2025-03-23T11:12:57.949323] 000:01:26 Height:5151900 IB:0 MB:0 MBR:0 Diff:69561179 @ 28.23 KH/s (27.09 KH/s) >>
[2025-03-23T11:12:58.949688] 000:01:27 Height:5151900 IB:0 MB:0 MBR:0 Diff:69561179 @ 28.26 KH/s (27.11 KH/s) >>
[2025-03-23T11:12:59.949612] 000:01:28 Height:5151900 IB:0 MB:0 MBR:0 Diff:69561179 @ 28.38 KH/s (27.12 KH/s) >>
[2025-03-23T11:13:00.949246] 000:01:29 Height:5151900 IB:0 MB:0 MBR:0 Diff:69561179 @ 28.57 KH/s (27.14 KH/s) >>
[2025-03-23T11:13:01.949246] 000:01:30 Height:5151900 IB:0 MB:0 MBR:0 Diff:626050611 @ 28.56 KH/s (27.16 KH/s) >>
[2025-03-23T11:13:02.949823] 000:01:31 Height:5151900 IB:0 MB:0 MBR:0 Diff:626050611 @ 28.55 KH/s (27.17 KH/s) >>
[2025-03-23T11:13:03.949699] 000:01:32 Height:5151900 IB:0 MB:0 MBR:0 Diff:626050611 @ 28.31 KH/s (27.16 KH/s) >>
[2025-03-23T11:13:04.949825] 000:01:33 Height:5151900 IB:0 MB:0 MBR:0 Diff:626050611 @ 28.07 KH/s (27.15 KH/s) >>
[2025-03-23T11:13:05.949602] 000:01:34 Height:5151900 IB:0 MB:0 MBR:0 Diff:626050611 @ 27.81 KH/s (27.14 KH/s) >>
[2025-03-23T11:13:06.949518] 000:01:35 Height:5151900 IB:0 MB:0 MBR:0 Diff:626050611 @ 27.83 KH/s (27.15 KH/s) >>
[2025-03-23T11:13:07.950068] 000:01:36 Height:5151900 IB:0 MB:0 MBR:0 Diff:626050611 @ 27.63 KH/s (27.15 KH/s) >>
[2025-03-23T11:13:08.949660] 000:01:37 Height:5151900 IB:0 MB:0 MBR:0 Diff:626050611 @ 27.40 KH/s (27.14 KH/s) >>
[2025-03-23T11:13:09.949771] 000:01:38 Height:5151900 IB:0 MB:0 MBR:0 Diff:626050611 @ 27.22 KH/s (27.13 KH/s) >>
[2025-03-23T11:13:10.949951] 000:01:39 Height:5151900 IB:0 MB:0 MBR:0 Diff:626050611 @ 27.13 KH/s (27.14 KH/s) >>
[2025-03-23T11:13:11.949565] 000:01:40 Height:5151900 IB:0 MB:0 MBR:0 Diff:626050611 @ 26.98 KH/s (27.14 KH/s) >>
[2025-03-23T11:13:12.949185] 000:01:41 Height:5151900 IB:0 MB:0 MBR:0 Diff:626050611 @ 26.88 KH/s (27.14 KH/s) >>
[2025-03-23T11:13:13.949559] 000:01:42 Height:5151900 IB:0 MB:0 MBR:0 Diff:626050611 @ 26.98 KH/s (27.15 KH/s) >>
[2025-03-23T11:13:14.949637] 000:01:43 Height:5151900 IB:0 MB:0 MBR:0 Diff:626050611 @ 26.93 KH/s (27.13 KH/s) >>
[2025-03-23T11:13:15.949748] 000:01:44 Height:5151900 IB:0 MB:0 MBR:0 Diff:626050611 @ 26.86 KH/s (27.12 KH/s) >>
[2025-03-23T11:13:16.949205] 000:01:45 Height:5151900 IB:0 MB:0 MBR:0 Diff:626050611 @ 26.61 KH/s (27.10 KH/s) >>
[2025-03-23T11:13:17.949203] 000:01:46 Height:5151900 IB:0 MB:0 MBR:0 Diff:626050611 @ 26.68 KH/s (27.10 KH/s) >>
[2025-03-23T11:13:18.949960] 000:01:47 Height:5151900 IB:0 MB:0 MBR:0 Diff:626050611 @ 26.78 KH/s (27.10 KH/s) >>
[2025-03-23T11:13:19.949308] 000:01:48 Height:5151900 IB:0 MB:0 MBR:0 Diff:626050611 @ 26.63 KH/s (27.09 KH/s) >>
[2025-03-23T11:13:20.949937] 000:01:49 Height:5151900 IB:0 MB:0 MBR:0 Diff:626050611 @ 26.38 KH/s (27.07 KH/s) >>
[2025-03-23T11:13:21.949258] 000:01:50 Height:5151900 IB:0 MB:0 MBR:0 Diff:626050611 @ 26.02 KH/s (27.04 KH/s) >>
[2025-03-23T11:13:22.950071] 000:01:51 Height:5151900 IB:0 MB:0 MBR:0 Diff:626050611 @ 25.73 KH/s (27.01 KH/s) >>
[2025-03-23T11:13:23.950078] 000:01:52 Height:5151900 IB:0 MB:0 MBR:0 Diff:626050611 @ 25.32 KH/s (26.98 KH/s) >>
[2025-03-23T11:13:24.949789] 000:01:53 Height:5151900 IB:0 MB:0 MBR:0 Diff:626050611 @ 25.26 KH/s (26.96 KH/s) >>
[2025-03-23T11:13:25.949722] 000:01:54 Height:5151900 IB:0 MB:0 MBR:0 Diff:626050611 @ 25.27 KH/s (26.95 KH/s) >>
[2025-03-23T11:13:26.949721] 000:01:55 Height:5151900 IB:0 MB:0 MBR:0 Diff:626050611 @ 25.07 KH/s (26.93 KH/s) >>
[2025-03-23T11:13:27.949580] 000:01:56 Height:5151900 IB:0 MB:0 MBR:0 Diff:626050611 @ 24.84 KH/s (26.91 KH/s) >>
[2025-03-23T11:13:28.949131] 000:01:57 Height:5151900 IB:0 MB:0 MBR:0 Diff:626050611 @ 24.60 KH/s (26.89 KH/s) >>
[2025-03-23T11:13:29.949593] 000:01:58 Height:5151900 IB:0 MB:0 MBR:0 Diff:626050611 @ 24.69 KH/s (26.88 KH/s) >>
[2025-03-23T11:13:30.949604] 000:01:59 Height:5151900 IB:0 MB:0 MBR:0 Diff:626050611 @ 24.80 KH/s (26.88 KH/s) >>
[2025-03-23T11:13:31.949459] 000:02:00 Height:5151900 IB:0 MB:0 MBR:0 Diff:626050611 @ 24.98 KH/s (26.87 KH/s) >>
[2025-03-23T11:13:32.949734] 000:02:01 Height:5151900 IB:0 MB:0 MBR:0 Diff:626050611 @ 25.10 KH/s (26.86 KH/s) >>
